0 info it worked if it ends with ok
1 verbose cli [ '/usr/bin/nodejs', '/usr/bin/npm', 'install' ]
2 info using npm@2.15.0
3 info using node@v4.4.2
4 verbose readDependencies loading dependencies from /home/jeroen/Desktop/school/huesaver_v3/package.json
5 warn package.json HueSaver@3.0.0 No repository field.
6 warn package.json HueSaver@3.0.0 No README data
7 warn package.json HueSaver@3.0.0 No license field.
8 verbose install where, deps [ '/home/jeroen/Desktop/school/huesaver_v3',
8 verbose install   [ 'body-parser', 'express', 'node-hue-api', 'fs' ] ]
9 verbose install where, peers [ '/home/jeroen/Desktop/school/huesaver_v3', [] ]
10 verbose installManyTop reading for lifecycle /home/jeroen/Desktop/school/huesaver_v3/package.json
11 info preinstall HueSaver@3.0.0
12 verbose installManyTop reading scoped package data from /home/jeroen/Desktop/school/huesaver_v3/node_modules/body-parser/package.json
13 verbose installManyTop reading scoped package data from /home/jeroen/Desktop/school/huesaver_v3/node_modules/express/package.json
14 verbose installManyTop reading scoped package data from /home/jeroen/Desktop/school/huesaver_v3/node_modules/fs/package.json
15 verbose installManyTop reading scoped package data from /home/jeroen/Desktop/school/huesaver_v3/node_modules/node-hue-api/package.json
16 info package.json fs@0.0.2 fs is also the name of a node core module.
17 info package.json fs@0.0.2 No description
18 info package.json fs@0.0.2 No repository field.
19 info package.json fs@0.0.2 No README data
20 verbose readDependencies loading dependencies from /home/jeroen/Desktop/school/huesaver_v3/package.json
21 verbose targetResolver reading package data from /home/jeroen/Desktop/school/huesaver_v3/node_modules/body-parser/package.json
22 verbose targetResolver reading package data from /home/jeroen/Desktop/school/huesaver_v3/node_modules/express/package.json
23 verbose targetResolver reading package data from /home/jeroen/Desktop/school/huesaver_v3/node_modules/fs/package.json
24 verbose targetResolver reading package data from /home/jeroen/Desktop/school/huesaver_v3/node_modules/node-hue-api/package.json
25 silly cache add args [ 'fs@^0.0.1', null ]
26 verbose cache add spec fs@^0.0.1
27 silly cache add parsed spec Result {
27 silly cache add   raw: 'fs@^0.0.1',
27 silly cache add   scope: null,
27 silly cache add   name: 'fs',
27 silly cache add   rawSpec: '^0.0.1',
27 silly cache add   spec: '>=0.0.1 <0.0.2',
27 silly cache add   type: 'range' }
28 silly addNamed fs@>=0.0.1 <0.0.2
29 verbose addNamed ">=0.0.1 <0.0.2" is a valid semver range for fs
30 silly addNameRange { name: 'fs', range: '>=0.0.1 <0.0.2', hasData: false }
31 silly mapToRegistry name fs
32 silly mapToRegistry using default registry
33 silly mapToRegistry registry https://registry.npmjs.org/
34 silly mapToRegistry data Result {
34 silly mapToRegistry   raw: 'fs',
34 silly mapToRegistry   scope: null,
34 silly mapToRegistry   name: 'fs',
34 silly mapToRegistry   rawSpec: '',
34 silly mapToRegistry   spec: 'latest',
34 silly mapToRegistry   type: 'tag' }
35 silly mapToRegistry uri https://registry.npmjs.org/fs
36 verbose addNameRange registry:https://registry.npmjs.org/fs not in flight; fetching
37 verbose already installed skipping body-parser@^1.8.3 /home/jeroen/Desktop/school/huesaver_v3
38 verbose already installed skipping express@^4.9.4 /home/jeroen/Desktop/school/huesaver_v3
39 verbose already installed skipping node-hue-api@^2.2.0 /home/jeroen/Desktop/school/huesaver_v3
40 verbose request uri https://registry.npmjs.org/fs
41 verbose request no auth needed
42 info attempt registry request try #1 at 3:14:10 PM
43 verbose request id 75ea9b5a0fd965cc
44 verbose etag "E84CHO0NWJVHKUWB1LNL0N7HZ"
45 http request GET https://registry.npmjs.org/fs
46 http 304 https://registry.npmjs.org/fs
47 verbose headers { date: 'Fri, 01 Apr 2016 13:14:10 GMT',
47 verbose headers   via: '1.1 varnish',
47 verbose headers   'cache-control': 'max-age=300',
47 verbose headers   etag: '"E84CHO0NWJVHKUWB1LNL0N7HZ"',
47 verbose headers   age: '115',
47 verbose headers   connection: 'keep-alive',
47 verbose headers   'x-served-by': 'cache-ams4140-AMS',
47 verbose headers   'x-cache': 'HIT',
47 verbose headers   'x-cache-hits': '1',
47 verbose headers   'x-timer': 'S1459516450.813887,VS0,VE0',
47 verbose headers   vary: 'Accept' }
48 silly get cb [ 304,
48 silly get   { date: 'Fri, 01 Apr 2016 13:14:10 GMT',
48 silly get     via: '1.1 varnish',
48 silly get     'cache-control': 'max-age=300',
48 silly get     etag: '"E84CHO0NWJVHKUWB1LNL0N7HZ"',
48 silly get     age: '115',
48 silly get     connection: 'keep-alive',
48 silly get     'x-served-by': 'cache-ams4140-AMS',
48 silly get     'x-cache': 'HIT',
48 silly get     'x-cache-hits': '1',
48 silly get     'x-timer': 'S1459516450.813887,VS0,VE0',
48 silly get     vary: 'Accept' } ]
49 verbose etag https://registry.npmjs.org/fs from cache
50 verbose get saving fs to /home/jeroen/.npm/registry.npmjs.org/fs/.cache.json
51 verbose correctMkdir /home/jeroen/.npm correctMkdir not in flight; initializing
52 silly addNameRange number 2 { name: 'fs', range: '>=0.0.1 <0.0.2', hasData: true }
53 silly addNameRange versions [ 'fs', [ '0.0.0', '0.0.2' ] ]
54 verbose stack Error: No compatible version found: fs@'>=0.0.1 <0.0.2'
54 verbose stack Valid install targets:
54 verbose stack ["0.0.0","0.0.2"]
54 verbose stack
54 verbose stack     at installTargetsError (/usr/lib/node_modules/npm/lib/cache/add-named.js:284:12)
54 verbose stack     at next (/usr/lib/node_modules/npm/lib/cache/add-named.js:262:19)
54 verbose stack     at setData (/usr/lib/node_modules/npm/lib/cache/add-named.js:236:5)
54 verbose stack     at RES (/usr/lib/node_modules/npm/node_modules/inflight/inflight.js:23:14)
54 verbose stack     at f (/usr/lib/node_modules/npm/node_modules/once/once.js:17:25)
54 verbose stack     at fixName (/usr/lib/node_modules/npm/lib/cache/add-named.js:29:5)
54 verbose stack     at saved (/usr/lib/node_modules/npm/lib/cache/caching-client.js:173:7)
54 verbose stack     at /usr/lib/node_modules/npm/node_modules/graceful-fs/polyfills.js:210:7
54 verbose stack     at FSReqWrap.oncomplete (fs.js:82:15)
55 verbose cwd /home/jeroen/Desktop/school/huesaver_v3
56 error Linux 3.19.0-47-generic
57 error argv "/usr/bin/nodejs" "/usr/bin/npm" "install"
58 error node v4.4.2
59 error npm  v2.15.0
60 error code ETARGET
61 error notarget No compatible version found: fs@'>=0.0.1 <0.0.2'
61 error notarget Valid install targets:
61 error notarget ["0.0.0","0.0.2"]
61 error notarget
61 error notarget This is most likely not a problem with npm itself.
61 error notarget In most cases you or one of your dependencies are requesting
61 error notarget a package version that doesn't exist.
61 error notarget
61 error notarget It was specified as a dependency of 'HueSaver'
62 verbose exit [ 1, true ]
